Log file open, 02/17/16 18:20:37
LogModuleManager:Warning: ModuleManager: Module 'HTTPChunkInstaller' not found - its StaticallyLinkedModuleInitializers function is null.
LogPlatformFile: Not using cached read wrapper
LogInit:Display: RandInit(-1938246309) SRandInit(-1938246308).
LogTaskGraph: Started task graph with 4 named threads and 7 total threads.
LogStats: Stats thread started at 0.058545
OCULUS: Info: 02/17/16 09:20:37: [CAPI] LibOVR module is located at C:\Windows\SYSTEM32\LibOVRRT64_0_8.dll

OCULUS: Info: 02/17/16 09:20:37: [IPC] Call Stats for SetInitialState : x1: C2S=27.655, S2C=3.99144, Runtime=39.3442 (microseconds) C2Ssize=80, S2Csize=81 (bytes)

OCULUS: Info: 02/17/16 09:20:37: [IPC] Call Stats for IsLatencyTesterAvailable : x1: C2S=16.8211, S2C=2.85103, Runtime=0.855309 (microseconds) C2Ssize=33, S2Csize=18 (bytes)

OCULUS: Info: 02/17/16 09:20:37: [IPC] Call Stats for Hmd_Create : x1: C2S=16.2509, S2C=3.13613, Runtime=7.98288 (microseconds) C2Ssize=19, S2Csize=171 (bytes)

OCULUS: Info: 02/17/16 09:20:37: [IPC] Call Stats for Hmd_GetHmdInfo : x1: C2S=16.2509, S2C=5.13185, Runtime=4.84675 (microseconds) C2Ssize=23, S2Csize=699 (bytes)

OCULUS: Info: 02/17/16 09:20:37: [IPC] Call Stats for SetNumberValue : x1: C2S=17.3913, S2C=3.42124, Runtime=4.27654 (microseconds) C2Ssize=55, S2Csize=25 (bytes)

OCULUS: Info: 02/17/16 09:20:37: [IPC] Call Stats for SetNumberValues : x1: C2S=16.8211, S2C=3.13613, Runtime=3.13613 (microseconds) C2Ssize=81, S2Csize=25 (bytes)

OCULUS: Info: 02/17/16 09:20:37: [IPC] Call Stats for Hmd_SetEnabledCaps : x1: C2S=17.1062, S2C=5.41696, Runtime=30.7911 (microseconds) C2Ssize=35, S2Csize=33 (bytes)

OCULUS: Info: 02/17/16 09:20:37: [IPC] Call Stats for Hmd_ConfigureTracking : x1: C2S=6.84247, S2C=3.99144, Runtime=15.6807 (microseconds) C2Ssize=46, S2Csize=25 (bytes)

OCULUS: Info: 02/17/16 09:20:37: [IPC] Call Stats for Hmd_Release : x1: C2S=7.69778, S2C=4.27654, Runtime=11.9743 (microseconds) C2Ssize=20, S2Csize=25 (bytes)

LogInit: Version: 4.11.0-2858478+++UE4+Release-4.11
LogInit: API Version: 2858478
LogInit: Compiled (64-bit): Feb  8 2016 02:16:09
LogInit: Compiled with Visual C++: 19.00.23026.00
LogInit: Build Configuration: Development
LogInit: Branch Name: ++UE4+Release-4.11
LogInit: Command line: 
LogInit: Base directory: D:/r-hara_AJISAI_5113/TechResearch/UDPDemo/UDPCommunication/Package/WindowsNoEditor/UDPCommunication/Binaries/Win64/
LogInit: Installed Engine Build: 0
LogInit: Using libcurl 7.41.0
LogInit:  - built for x86_64-pc-win32
LogInit:  - supports SSL with WinSSL
LogInit:  - other features:
LogInit:      CURL_VERSION_SSL
LogInit:      CURL_VERSION_IPV6
LogInit:      CURL_VERSION_ASYNCHDNS
LogInit:      CURL_VERSION_LARGEFILE
LogInit:      CURL_VERSION_IDN
LogInit:  CurlRequestOptions (configurable via config and command line):
LogInit:  - bVerifyPeer = true  - Libcurl will verify peer certificate
LogInit:  - bUseHttpProxy = false  - Libcurl will NOT use HTTP proxy
LogInit:  - bDontReuseConnections = false  - Libcurl will reuse connections
LogInit:  - CertBundlePath = nullptr  - Libcurl will use whatever was configured at build time.
LogInit: Presizing for max 2097152 objects, including 0 objects not considered by GC, pre-allocating 0 bytes for permanent pool.
LogInit: Object subsystem initialized
[2016.02.17-09.20.37:540][  0]LogInit: Selected Device Profile: [WindowsNoEditor]
[2016.02.17-09.20.37:540][  0]LogInit: Applying CVar settings loaded from the selected device profile: [WindowsNoEditor]
[2016.02.17-09.20.37:546][  0]LogInit: Computer: AJISAI
[2016.02.17-09.20.37:546][  0]LogInit: User: rhara
[2016.02.17-09.20.37:546][  0]LogInit: CPU Page size=65536, Cores=4
[2016.02.17-09.20.37:546][  0]LogInit: High frequency timer resolution =3.507505 MHz
[2016.02.17-09.20.37:546][  0]LogMemory: Memory total: Physical=23.9GB (24GB approx)
[2016.02.17-09.20.37:546][  0]LogMemory: Platform Memory Stats for WindowsNoEditor
[2016.02.17-09.20.37:546][  0]LogMemory: Process Physical Memory: 66.70 MB used, 66.70 MB peak
[2016.02.17-09.20.37:546][  0]LogMemory: Process Virtual Memory: 84.78 MB used, 84.78 MB peak
[2016.02.17-09.20.37:546][  0]LogMemory: Physical Memory: 10986.92 MB used, 24517.81 MB total
[2016.02.17-09.20.37:546][  0]LogMemory: Virtual Memory: 288.69 MB used, 134217728.00 MB total
[2016.02.17-09.20.37:573][  0]LogTextLocalizationManager: No translations for ('ja-JP') exist, falling back to 'en' for localization and internationalization data.
[2016.02.17-09.20.37:668][  0]LogD3D11RHI: D3D11 adapters:
[2016.02.17-09.20.37:690][  0]LogD3D11RHI:    0. 'NVIDIA GeForce GTX 970' (Feature Level 11_0)
[2016.02.17-09.20.37:690][  0]LogD3D11RHI:       3959MB of dedicated video memory, 0MB of dedicated system memory, and 12258MB of shared system memory, 2 output[s]
[2016.02.17-09.20.37:692][  0]LogD3D11RHI:    1. 'Microsoft Basic Render Driver' (Feature Level 11_0)
[2016.02.17-09.20.37:692][  0]LogD3D11RHI:       0MB of dedicated video memory, 0MB of dedicated system memory, and 256MB of shared system memory, 0 output[s]
[2016.02.17-09.20.37:692][  0]LogD3D11RHI: Chosen D3D11 Adapter: 0
[2016.02.17-09.20.37:708][  0]LogD3D11RHI: Creating new Direct3DDevice
[2016.02.17-09.20.37:708][  0]LogD3D11RHI:     Adapter Name: NVIDIA GeForce GTX 970
[2016.02.17-09.20.37:708][  0]LogD3D11RHI:   Driver Version: 10.18.13.6175 (internal 10.18.13.6175)
[2016.02.17-09.20.37:708][  0]LogD3D11RHI:      Driver Date: 1-22-2016
[2016.02.17-09.20.37:708][  0]LogRHI: Texture pool is 1361 MB (70% of 1945 MB)
[2016.02.17-09.20.37:736][  0]LogD3D11RHI: Async texture creation enabled
[2016.02.17-09.20.38:271][  0]LogInit: Selected Device Profile: [WindowsNoEditor]
[2016.02.17-09.20.38:272][  0]LogContentStreaming: Texture pool size is 1000.00 MB
[2016.02.17-09.20.38:368][  0]LogInit: WinSock: version 1.1 (2.2), MaxSocks=32767, MaxUdp=65467
[2016.02.17-09.20.38:379][  0]LogSlate: SlateFontCache - WITH_FREETYPE: 1, WITH_HARFBUZZ: 1
[2016.02.17-09.20.38:379][  0]LogSlate: SlateFontCache - WITH_FREETYPE: 1, WITH_HARFBUZZ: 1
[2016.02.17-09.20.38:448][  0]LogWindowsMoviePlayer: Unable to load movie: ../../../UDPCommunication/Content/Movies/Default_Startup.mp4
[2016.02.17-09.20.38:485][  0]LogObj: 24850 objects as part of root set at end of initial load.
[2016.02.17-09.20.38:485][  0]LogUObjectAllocator: 5009248 out of 0 bytes used by permanent object pool.
[2016.02.17-09.20.38:496][  0]LogEngine: Initializing Engine...
[2016.02.17-09.20.38:507][  0]LogHMD: Oculus plugin initialized. Version: 4.11.0-2858478+++UE4+Release-4.11, LibOVR: 0.8.0.0, built Feb  8 2016, 02:16:14
[2016.02.17-09.20.38:550][  0]LogInit: XAudio2 using 'スピーカー (Realtek High Definition Audio)' : 2 channels at 48 kHz using 32 bits per sample (channel mask 0x3)
[2016.02.17-09.20.38:559][  0]LogInit: FAudioDevice initialized.
[2016.02.17-09.20.38:559][  0]LogInit: Texture streaming: Enabled
[2016.02.17-09.20.38:566][  0]LogNet: Browse: /Game/Overview?Name=Player
[2016.02.17-09.20.38:567][  0]LogLoad: LoadMap: /Game/Overview?Name=Player
[2016.02.17-09.20.38:577][  0]LogMemory: Platform Memory Stats for WindowsNoEditor
[2016.02.17-09.20.38:577][  0]LogMemory: Process Physical Memory: 182.70 MB used, 182.70 MB peak
[2016.02.17-09.20.38:577][  0]LogMemory: Process Virtual Memory: 325.95 MB used, 325.95 MB peak
[2016.02.17-09.20.38:577][  0]LogMemory: Physical Memory: 11102.40 MB used, 24517.81 MB total
[2016.02.17-09.20.38:577][  0]LogMemory: Virtual Memory: 688.98 MB used, 134217728.00 MB total
[2016.02.17-09.20.38:577][  0]LogMemory: 
[2016.02.17-09.20.38:577][  0]LogMemory: Allocator Stats for binned:
[2016.02.17-09.20.38:577][  0]LogMemory: Current Memory 78.46 MB used, plus 4.66 MB waste
[2016.02.17-09.20.38:577][  0]LogMemory: Peak Memory 80.74 MB used, plus 3.88 MB waste
[2016.02.17-09.20.38:577][  0]LogMemory: Current OS Memory 83.13 MB, peak 84.63 MB
[2016.02.17-09.20.38:577][  0]LogMemory: Current Waste 1.13 MB, peak 1.44 MB
[2016.02.17-09.20.38:577][  0]LogMemory: Current Used 78.46 MB, peak 80.74 MB
[2016.02.17-09.20.38:577][  0]LogMemory: Current Slack 3.53 MB
[2016.02.17-09.20.38:577][  0]LogMemory: Allocs       127360 Current /  832990 Total
[2016.02.17-09.20.38:577][  0]LogMemory: 
[2016.02.17-09.20.38:577][  0]LogMemory: Block Size Num Pools Max Pools Cur Allocs Total Allocs Min Req Max Req Mem Used Mem Slack Mem Waste Efficiency
[2016.02.17-09.20.38:577][  0]LogMemory: ---------- --------- --------- ---------- ------------ ------- ------- -------- --------- --------- ----------
[2016.02.17-09.20.38:577][  0]LogMemory:          8         0         0          0            0       8       0       0K        0K        0K    100.00%
[2016.02.17-09.20.38:577][  0]LogMemory:         16         6         6      18616       273708      16      16     290K       94K        0K    100.00%
[2016.02.17-09.20.38:577][  0]LogMemory:         32        10        10      19453        80936      17      32     607K       33K       56K     91.25%
[2016.02.17-09.20.38:577][  0]LogMemory:         48         8         8       9558        40069      33      48     448K       64K       56K     89.06%
[2016.02.17-09.20.38:577][  0]LogMemory:         64        18        18      17764        84454      49      64    1110K       42K      122K     89.41%
[2016.02.17-09.20.38:577][  0]LogMemory:         80         9         9       7184        65790      65      80     561K       15K       40K     93.06%
[2016.02.17-09.20.38:577][  0]LogMemory:         96         5         5       3368        27223      81      96     315K        5K       19K     94.06%
[2016.02.17-09.20.38:577][  0]LogMemory:        112         5         6       2746        16000      97     112     300K       20K       18K     94.38%
[2016.02.17-09.20.38:577][  0]LogMemory:        128        17        17       8284        21669     114     128    1035K       53K       39K     96.42%
[2016.02.17-09.20.38:577][  0]LogMemory:        160        36        36      14699        37982     129     160    2296K        5K      177K     92.32%
[2016.02.17-09.20.38:577][  0]LogMemory:        192        22        22       6887        20261     161     192    1291K      116K       99K     92.97%
[2016.02.17-09.20.38:577][  0]LogMemory:        224         4         4       1029        16993     193     224     225K       31K       14K     94.53%
[2016.02.17-09.20.38:577][  0]LogMemory:        256         4         4        849        32858     226     256     212K       44K       17K     93.36%
[2016.02.17-09.20.38:577][  0]LogMemory:        288        24        43       5350        41526     257     288    1504K       29K       85K     94.47%
[2016.02.17-09.20.38:577][  0]LogMemory:        320         4         4        631         4127     290     320     197K       58K       10K     96.09%
[2016.02.17-09.20.38:577][  0]LogMemory:        384        16        16       2568        28556     322     384     963K       57K       85K     91.70%
[2016.02.17-09.20.38:577][  0]LogMemory:        448         5         5        583         7447     386     448     255K       65K       11K     96.56%
[2016.02.17-09.20.38:577][  0]LogMemory:        512         5         6        595         7482     450     512     297K       23K       25K     92.19%
[2016.02.17-09.20.38:577][  0]LogMemory:        576        24        24       2577         9549     514     576    1449K       77K       93K     93.95%
[2016.02.17-09.20.38:577][  0]LogMemory:        640         2         2        177         1233     578     640     110K       18K        6K     95.31%
[2016.02.17-09.20.38:577][  0]LogMemory:        704        16        16       1098         1943     641     704     754K      269K       30K     97.07%
[2016.02.17-09.20.38:577][  0]LogMemory:        768        11        11        592         1161     706     768     444K      258K        8K     98.86%
[2016.02.17-09.20.38:577][  0]LogMemory:        896        11        11        521         1354     769     896     455K      248K       38K     94.60%
[2016.02.17-09.20.38:577][  0]LogMemory:       1024         3         4        131          472     904    1024     131K       61K        2K     98.96%
[2016.02.17-09.20.38:577][  0]LogMemory:       1168         3         3        125          350    1025    1168     142K       50K        8K     95.83%
[2016.02.17-09.20.38:577][  0]LogMemory:       1360         5         5        168         1119    1171    1360     223K       96K       23K     92.81%
[2016.02.17-09.20.38:577][  0]LogMemory:       1632        10        11        369          733    1365    1632     588K       50K       43K     93.28%
[2016.02.17-09.20.38:577][  0]LogMemory:       2048        12        12        251          876    1635    2048     502K      266K       53K     93.10%
[2016.02.17-09.20.38:577][  0]LogMemory:       2336         4         4         93         1663    2050    2336     212K       44K       24K     90.63%
[2016.02.17-09.20.38:577][  0]LogMemory:       2720         4         4         74          445    2339    2711     196K       59K       10K     96.09%
[2016.02.17-09.20.38:577][  0]LogMemory:       3264        10        10        152         1253    2724    3264     484K      154K       31K     95.16%
[2016.02.17-09.20.38:577][  0]LogMemory:       4096        17        17        189          733    3266    4096     756K      332K       68K     93.75%
[2016.02.17-09.20.38:577][  0]LogMemory:       4672        10        11        104          384    4107    4671     474K      165K       26K     95.94%
[2016.02.17-09.20.38:577][  0]LogMemory:       5456        11        13         92          397    4675    5447     490K      214K       40K     94.32%
[2016.02.17-09.20.38:577][  0]LogMemory:       6544        14        15        112          313    5459    6543     715K      180K       56K     93.75%
[2016.02.17-09.20.38:577][  0]LogMemory:       8192         8        10         58          923    6549    8192     464K       48K       35K     93.16%
[2016.02.17-09.20.38:577][  0]LogMemory:       9360         7         8         48          101    8194    9360     438K       10K       25K     94.42%
[2016.02.17-09.20.38:577][  0]LogMemory:      10912         6         6         31           44    9383   10891     330K       54K       29K     92.45%
[2016.02.17-09.20.38:577][  0]LogMemory:      13104        10        10         49           92   10952   13056     627K       13K       53K     91.72%
[2016.02.17-09.20.38:577][  0]LogMemory:      16384         8        10         29          148   13105   16384     464K       48K       32K     93.75%
[2016.02.17-09.20.38:578][  0]LogMemory:      21840        17        19         50          110   16400   21412    1066K       22K      172K     84.19%
[2016.02.17-09.20.38:578][  0]LogMemory:      32768        10        12         20           88   21904   32640     640K        0K      149K     76.72%
[2016.02.17-09.20.38:578][  0]LogMemory:      49152         4         5         13          232       0   49152     624K      144K      187K     75.65%
[2016.02.17-09.20.38:578][  0]LogMemory:      98304         3         3         12           29       0   97064    1152K        0K      240K     79.17%
[2016.02.17-09.20.38:578][  0]LogMemory: 
[2016.02.17-09.20.38:578][  0]LogMemory: 29504K allocated in pools (with 3634K slack and 2354K waste). Efficiency 92.02%
[2016.02.17-09.20.38:578][  0]LogMemory: Allocations 127300 Current / 832827 Total (in 438 pools)
[2016.02.17-09.20.38:578][  0]LogMemory: 
[2016.02.17-09.20.38:600][  0]LogModuleManager:Warning: ModuleManager: Module 'GameplayDebugger' not found - its StaticallyLinkedModuleInitializers function is null.
[2016.02.17-09.20.38:600][  0]LogAIModule: Creating AISystem for world Overview
[2016.02.17-09.20.38:600][  0]LogWorld: Game class is 'BP_UDPCommunicationGameMode_C'
[2016.02.17-09.20.38:602][  0]LogWorld: Bringing World /Game/Overview.Overview up for play (max tick rate 0) at 2016.02.17-18.20.38
[2016.02.17-09.20.38:603][  0]LogWorld: Bringing up level for play took: 0.001287
[2016.02.17-09.20.38:615][  0]LogTemp: Init UdpSocket.
[2016.02.17-09.20.38:626][  0]LogTemp: Init UdpSocket.
[2016.02.17-09.20.38:626][  0]LogTemp: Init Protocols.
[2016.02.17-09.20.38:626][  0]LogInit:Display: Game Engine Initialized.
[2016.02.17-09.20.38:827][  0]LogLoad: Full Startup: 1.52 seconds (BP compile: 0.00 seconds)
[2016.02.17-09.20.38:827][  0]LogExternalProfiler: Found external profiler: VSPerf
[2016.02.17-09.20.38:827][  0]LogExternalProfiler: Using external profiler: VSPerf
[2016.02.17-09.20.38:849][  0]LogStats:Warning: MetaData mismatch. Did you assign a stat to two groups? New //STATGROUP_Threads//Receiver///Thread_d068_0///####STATCAT_Advanced#### old //STATGROUP_Threads//Receiver///Thread_d640_0///####STATCAT_Advanced####
[2016.02.17-09.20.38:849][  0]LogOcInput: OculusInput is initialized. Init status 0. Runtime version: 0.8.0.0
[2016.02.17-09.20.38:930][  0]LogRenderer: Reallocating scene render targets to support 128x128 (Frame:1).
[2016.02.17-09.20.39:049][  1]LogRenderer: Reallocating scene render targets to support 1600x900 (Frame:2).
[2016.02.17-09.20.50:069][683]LogTemp: C5258341D6D196C137EFA3C182755443ACA38D4337EF5C439321983F0000803F0000803F4477A953
[2016.02.17-09.20.50:069][683]LogTemp: C5258341D6D196C137EFA3C182755443ACA38D4337EF5C4318539D3F0000803F0000803F4477A953
[2016.02.17-09.20.50:101][685]LogTemp: C5258341D6D196C137EFA3C182755443ACA38D4337EF5C439E84A23F0000803F0000803F4477A953
[2016.02.17-09.20.50:393][703]LogTemp: C5258341D6D196C137EFA3C182755443ACA38D4337EF5C4323B6A73F0000803F0000803F4477A953
[2016.02.17-09.20.50:604][716]LogTemp: C5258341D6D196C137EFA3C182755443ACA38D4337EF5C439E84A23F0000803F0000803F4477A953
[2016.02.17-09.20.50:620][717]LogTemp: C5258341D6D196C137EFA3C182755443ACA38D4337EF5C4318539D3F0000803F0000803F4477A953
[2016.02.17-09.20.50:637][718]LogTemp: C5258341D6D196C137EFA3C182755443ACA38D4337EF5C439321983F0000803F0000803F4477A953
[2016.02.17-09.20.50:668][720]LogTemp: C5258341D6D196C137EFA3C182755443ACA38D4337EF5C430DF0923F0000803F0000803F4477A953
[2016.02.17-09.20.50:717][723]LogTemp: C5258341D6D196C137EFA3C182755443ACA38D4337EF5C4388BE8D3F0000803F0000803F4477A953
[2016.02.17-09.20.50:765][726]LogTemp: C5258341D6D196C137EFA3C182755443ACA38D4337EF5C43038D883F0000803F0000803F4477A953
[2016.02.17-09.20.50:813][729]LogTemp: C5258341D6D196C137EFA3C182755443ACA38D4337EF5C437D5B833F0000803F0000803F4477A953
[2016.02.17-09.20.50:862][732]LogTemp: C5258341D6D196C137EFA3C182755443ACA38D4337EF5C43EF537C3F0000803F0000803F4477A953
[2016.02.17-09.20.50:926][736]LogTemp: C5258341D6D196C137EFA3C182755443ACA38D4337EF5C43E4F0713F0000803F0000803F4477A953
[2016.02.17-09.20.50:974][739]LogTemp: C5258341D6D196C137EFA3C182755443ACA38D4337EF5C43D98D673F0000803F0000803F4477A953
[2016.02.17-09.20.50:991][740]LogTemp: C5258341D6D196C137EFA3C182755443ACA38D4337EF5C43CE2A5D3F0000803F0000803F4477A953
[2016.02.17-09.20.51:103][747]LogTemp: C5258341D6D196C137EFA3C182755443ACA38D4337EF5C43C4C7523F0000803F0000803F4477A953
[2016.02.17-09.20.52:603][840]LogTemp: C5258341D6D196C137EFA3C182755443ACA38D4382755B43C4C7523F0000803F0000803F4477A953
[2016.02.17-09.20.52:603][840]LogTemp: C5258341D6D196C137EFA3C182755443ACA38D4319825843C4C7523F0000803F0000803F4477A953
[2016.02.17-09.20.52:619][841]LogTemp: C5258341D6D196C137EFA3C182755443ACA38D4365085743C4C7523F0000803F0000803F4477A953
[2016.02.17-09.20.52:670][844]LogTemp: C5258341D6D196C137EFA3C182755443ACA38D43B08E5543C4C7523F0000803F0000803F4477A953
[2016.02.17-09.20.52:702][846]LogTemp: C5258341D6D196C137EFA3C182755443ACA38D43FC145443C4C7523F0000803F0000803F4477A953
[2016.02.17-09.20.52:748][849]LogTemp: C5258341D6D196C137EFA3C182755443ACA38D43479B5243C4C7523F0000803F0000803F4477A953
[2016.02.17-09.20.52:781][851]LogTemp: C5258341D6D196C137EFA3C182755443ACA38D4393215143C4C7523F0000803F0000803F4477A953
[2016.02.17-09.20.52:797][852]LogTemp: C5258341D6D196C137EFA3C182755443ACA38D43DEA74F43C4C7523F0000803F0000803F4477A953
[2016.02.17-09.20.52:814][853]LogTemp: C5258341D6D196C137EFA3C182755443ACA38D432A2E4E43C4C7523F0000803F0000803F4477A953
[2016.02.17-09.20.52:814][853]LogTemp: C5258341D6D196C137EFA3C182755443ACA38D4376B44C43C4C7523F0000803F0000803F4477A953
[2016.02.17-09.20.52:830][854]LogTemp: C5258341D6D196C137EFA3C182755443ACA38D43C13A4B43C4C7523F0000803F0000803F4477A953
[2016.02.17-09.20.52:830][854]LogTemp: C5258341D6D196C137EFA3C182755443ACA38D4358474843C4C7523F0000803F0000803F4477A953
[2016.02.17-09.20.52:846][855]LogTemp: C5258341D6D196C137EFA3C182755443ACA38D4386604243C4C7523F0000803F0000803F4477A953
[2016.02.17-09.20.52:846][855]LogTemp: C5258341D6D196C137EFA3C182755443ACA38D4300003B43C4C7523F0000803F0000803F4477A953
[2016.02.17-09.20.52:862][856]LogTemp: C5258341D6D196C137EFA3C182755443ACA38D437A9F3343C4C7523F0000803F0000803F4477A953
[2016.02.17-09.20.52:862][856]LogTemp: C5258341D6D196C137EFA3C182755443ACA38D433FC52A43C4C7523F0000803F0000803F4477A953
[2016.02.17-09.20.52:878][857]LogTemp: C5258341D6D196C137EFA3C182755443ACA38D436DDE2443C4C7523F0000803F0000803F4477A953
[2016.02.17-09.20.52:878][857]LogTemp: C5258341D6D196C137EFA3C182755443ACA38D4350712043C4C7523F0000803F0000803F4477A953
[2016.02.17-09.20.52:894][858]LogTemp: C5258341D6D196C137EFA3C182755443ACA38D4332041C43C4C7523F0000803F0000803F4477A953
[2016.02.17-09.20.52:894][858]LogTemp: C5258341D6D196C137EFA3C182755443ACA38D4315971743C4C7523F0000803F0000803F4477A953
[2016.02.17-09.20.52:910][859]LogTemp: C5258341D6D196C137EFA3C182755443ACA38D43ACA31443C4C7523F0000803F0000803F4477A953
[2016.02.17-09.20.52:910][859]LogTemp: C5258341D6D196C137EFA3C182755443ACA38D4343B01143C4C7523F0000803F0000803F4477A953
[2016.02.17-09.20.52:926][860]LogTemp: C5258341D6D196C137EFA3C182755443ACA38D438F361043C4C7523F0000803F0000803F4477A953
[2016.02.17-09.20.52:926][860]LogTemp: C5258341D6D196C137EFA3C182755443ACA38D43DABC0E43C4C7523F0000803F0000803F4477A953
[2016.02.17-09.20.53:136][873]LogTemp: C5258341D6D196C137EFA3C182755443ACA38D438F361043C4C7523F0000803F0000803F4477A953
[2016.02.17-09.20.53:152][874]LogTemp: C5258341D6D196C137EFA3C182755443ACA38D4343B01143C4C7523F0000803F0000803F4477A953
[2016.02.17-09.20.53:152][874]LogTemp: C5258341D6D196C137EFA3C182755443ACA38D43F8291343C4C7523F0000803F0000803F4477A953
[2016.02.17-09.20.53:168][875]LogTemp: C5258341D6D196C137EFA3C182755443ACA38D43ACA31443C4C7523F0000803F0000803F4477A953
[2016.02.17-09.20.53:168][875]LogTemp: C5258341D6D196C137EFA3C182755443ACA38D4315971743C4C7523F0000803F0000803F4477A953
[2016.02.17-09.20.53:184][876]LogTemp: C5258341D6D196C137EFA3C182755443ACA38D43C9101943C4C7523F0000803F0000803F4477A953
[2016.02.17-09.20.53:184][876]LogTemp: C5258341D6D196C137EFA3C182755443ACA38D437E8A1A43C4C7523F0000803F0000803F4477A953
[2016.02.17-09.20.53:201][877]LogTemp: C5258341D6D196C137EFA3C182755443ACA38D4332041C43C4C7523F0000803F0000803F4477A953
[2016.02.17-09.20.53:201][877]LogTemp: C5258341D6D196C137EFA3C182755443ACA38D43E77D1D43C4C7523F0000803F0000803F4477A953
[2016.02.17-09.20.53:217][878]LogTemp: C5258341D6D196C137EFA3C182755443ACA38D439BF71E43C4C7523F0000803F0000803F4477A953
[2016.02.17-09.20.53:233][879]LogTemp: C5258341D6D196C137EFA3C182755443ACA38D4350712043C4C7523F0000803F0000803F4477A953
[2016.02.17-09.20.53:233][879]LogTemp: C5258341D6D196C137EFA3C182755443ACA38D4304EB2143C4C7523F0000803F0000803F4477A953
[2016.02.17-09.20.53:249][880]LogTemp: C5258341D6D196C137EFA3C182755443ACA38D43B9642343C4C7523F0000803F0000803F4477A953
[2016.02.17-09.20.53:249][880]LogTemp: C5258341D6D196C137EFA3C182755443ACA38D436DDE2443C4C7523F0000803F0000803F4477A953
[2016.02.17-09.20.53:362][887]LogTemp: C5258341D6D196C137EFA3C182755443ACA38D4322582643C4C7523F0000803F0000803F4477A953
[2016.02.17-09.20.53:475][894]LogTemp: C5258341D6D196C137EFA3C182755443ACA38D43D6D12743C4C7523F0000803F0000803F4477A953
[2016.02.17-09.20.53:716][909]LogTemp: C5258341D6D196C137EFA3C182755443ACA38D438A4B2943C4C7523F0000803F0000803F4477A953
[2016.02.17-09.20.53:797][914]LogTemp: C5258341D6D196C137EFA3C182755443ACA38D433FC52A43C4C7523F0000803F0000803F4477A953
[2016.02.17-09.20.55:137][997]LogTemp: B085133F7DD70E3F000000000000803F4477A953
[2016.02.17-09.20.55:638][ 28]LogTemp: AF84123F7DD70E3F000000000000803F4477A953
[2016.02.17-09.20.55:959][ 48]LogTemp: B085133F7DD70E3F000000000000803F4477A953
[2016.02.17-09.20.56:944][109]LogTemp: B186143F7DD70E3F000000000000803F4477A953
[2016.02.17-09.20.58:138][183]LogTemp: E1CB123F7DD70E3F000000000000803F4477A953
[2016.02.17-09.20.58:138][183]LogTemp: 1111113F7DD70E3F000000000000803F4477A953
[2016.02.17-09.20.58:154][184]LogTemp: A3E00B3F7DD70E3F000000000000803F4477A953
[2016.02.17-09.20.58:154][184]LogTemp: D3250A3F7DD70E3F000000000000803F4477A953
[2016.02.17-09.20.58:171][185]LogTemp: 33B0063F7DD70E3F000000000000803F4477A953
[2016.02.17-09.20.58:171][185]LogTemp: C57F013F7DD70E3F000000000000803F4477A953
[2016.02.17-09.20.58:186][186]LogTemp: 0D29F53E7DD70E3F000000000000803F4477A953
[2016.02.17-09.20.58:186][186]LogTemp: F2DCE33E7DD70E3F000000000000803F4477A953
[2016.02.17-09.20.58:202][187]LogTemp: D690D23E7DD70E3F000000000000803F4477A953
[2016.02.17-09.20.58:202][187]LogTemp: 59BAC43E7DD70E3F000000000000803F4477A953
[2016.02.17-09.20.58:218][188]LogTemp: 7C59BA3E7DD70E3F000000000000803F4477A953
[2016.02.17-09.20.58:218][188]LogTemp: 9FF8AF3E7DD70E3F000000000000803F4477A953
[2016.02.17-09.20.58:234][189]LogTemp: 600DA93E7DD70E3F000000000000803F4477A953
[2016.02.17-09.20.58:234][189]LogTemp: C297A53E7DD70E3F000000000000803F4477A953
[2016.02.17-09.20.58:250][190]LogTemp: 2222A23E7DD70E3F000000000000803F4477A953
[2016.02.17-09.20.58:250][190]LogTemp: 83AC9E3E7DD70E3F000000000000803F4477A953
[2016.02.17-09.20.58:267][191]LogTemp: E4369B3E7DD70E3F000000000000803F4477A953
[2016.02.17-09.20.58:299][193]LogTemp: 44C1973E7DD70E3F000000000000803F4477A953
[2016.02.17-09.20.58:347][196]LogTemp: A64B943E7DD70E3F000000000000803F4477A953
[2016.02.17-09.20.58:364][197]LogTemp: 06D6903E7DD70E3F000000000000803F4477A953
[2016.02.17-09.20.58:364][197]LogTemp: 67608D3E7DD70E3F000000000000803F4477A953
[2016.02.17-09.20.58:380][198]LogTemp: 2975863E7DD70E3F000000000000803F4477A953
[2016.02.17-09.20.58:380][198]LogTemp: 8AFF823E7DD70E3F000000000000803F4477A953
[2016.02.17-09.20.58:396][199]LogTemp: 9828783E7DD70E3F000000000000803F4477A953
[2016.02.17-09.20.58:396][199]LogTemp: 593D713E7DD70E3F000000000000803F4477A953
[2016.02.17-09.20.58:557][209]LogTemp: 9828783E7DD70E3F000000000000803F4477A953
[2016.02.17-09.20.58:557][209]LogTemp: D6137F3E7DD70E3F000000000000803F4477A953
[2016.02.17-09.20.58:573][210]LogTemp: C8EA893E7DD70E3F000000000000803F4477A953
[2016.02.17-09.20.58:573][210]LogTemp: 06D6903E7DD70E3F000000000000803F4477A953
[2016.02.17-09.20.58:590][211]LogTemp: 83AC9E3E7DD70E3F000000000000803F4477A953
[2016.02.17-09.20.58:590][211]LogTemp: 3E6EB33E7DD70E3F000000000000803F4477A953
[2016.02.17-09.20.58:606][212]LogTemp: 1BCFBD3E7DD70E3F000000000000803F4477A953
[2016.02.17-09.20.58:606][212]LogTemp: 98A5CB3E7DD70E3F000000000000803F4477A953
[2016.02.17-09.20.58:622][213]LogTemp: D690D23E7DD70E3F000000000000803F4477A953
[2016.02.17-09.20.58:622][213]LogTemp: 7506D63E7DD70E3F000000000000803F4477A953
[2016.02.17-09.20.58:638][214]LogTemp: 147CD93E7DD70E3F000000000000803F4477A953
[2016.02.17-09.20.59:961][296]LogTemp: C5258341D6D196C137EFA3C137EF5543ACA38D433FC52A43C4C7523F0000803F0000803F4477A953
[2016.02.17-09.20.59:961][296]LogTemp: C5258341D6D196C137EFA3C19FE25843ACA38D433FC52A43C4C7523F0000803F0000803F4477A953
[2016.02.17-09.20.59:977][297]LogTemp: C5258341D6D196C137EFA3C108D65B43ACA38D433FC52A43C4C7523F0000803F0000803F4477A953
[2016.02.17-09.20.59:977][297]LogTemp: C5258341D6D196C137EFA3C171C95E43ACA38D433FC52A43C4C7523F0000803F0000803F4477A953
[2016.02.17-09.20.59:993][298]LogTemp: C5258341D6D196C137EFA3C18F366343ACA38D433FC52A43C4C7523F0000803F0000803F4477A953
[2016.02.17-09.20.59:993][298]LogTemp: C5258341D6D196C137EFA3C1F8296643ACA38D433FC52A43C4C7523F0000803F0000803F4477A953
[2016.02.17-09.21.00:009][299]LogTemp: C5258341D6D196C137EFA3C1611D6943ACA38D433FC52A43C4C7523F0000803F0000803F4477A953
[2016.02.17-09.21.00:009][299]LogTemp: C5258341D6D196C137EFA3C115976A43ACA38D433FC52A43C4C7523F0000803F0000803F4477A953
[2016.02.17-09.21.00:025][300]LogTemp: C5258341D6D196C137EFA3C1C9106C43ACA38D433FC52A43C4C7523F0000803F0000803F4477A953
[2016.02.17-09.21.00:025][300]LogTemp: C5258341D6D196C137EFA3C17E8A6D43ACA38D433FC52A43C4C7523F0000803F0000803F4477A953
[2016.02.17-09.21.00:041][301]LogTemp: C5258341D6D196C137EFA3C132046F43ACA38D433FC52A43C4C7523F0000803F0000803F4477A953
[2016.02.17-09.21.00:073][303]LogTemp: C5258341D6D196C137EFA3C1E77D7043ACA38D433FC52A43C4C7523F0000803F0000803F4477A953
[2016.02.17-09.21.00:089][304]LogTemp: C5258341D6D196C137EFA3C19BF77143ACA38D433FC52A43C4C7523F0000803F0000803F4477A953
[2016.02.17-09.21.00:090][304]LogTemp: C5258341D6D196C137EFA3C150717343ACA38D433FC52A43C4C7523F0000803F0000803F4477A953
[2016.02.17-09.21.00:105][305]LogTemp: C5258341D6D196C137EFA3C1B9647643ACA38D433FC52A43C4C7523F0000803F0000803F4477A953
[2016.02.17-09.21.00:331][319]LogTemp: C5258341D6D196C137EFA3C150717343ACA38D433FC52A43C4C7523F0000803F0000803F4477A953
[2016.02.17-09.21.00:331][319]LogTemp: C5258341D6D196C137EFA3C1E77D7043ACA38D433FC52A43C4C7523F0000803F0000803F4477A953
[2016.02.17-09.21.00:347][320]LogTemp: C5258341D6D196C137EFA3C1C9106C43ACA38D433FC52A43C4C7523F0000803F0000803F4477A953
[2016.02.17-09.21.00:347][320]LogTemp: C5258341D6D196C137EFA3C1611D6943ACA38D433FC52A43C4C7523F0000803F0000803F4477A953
[2016.02.17-09.21.00:364][321]LogTemp: C5258341D6D196C137EFA3C1F8296643ACA38D433FC52A43C4C7523F0000803F0000803F4477A953
[2016.02.17-09.21.00:364][321]LogTemp: C5258341D6D196C137EFA3C143B06443ACA38D433FC52A43C4C7523F0000803F0000803F4477A953
[2016.02.17-09.21.00:380][322]LogTemp: C5258341D6D196C137EFA3C18F366343ACA38D433FC52A43C4C7523F0000803F0000803F4477A953
[2016.02.17-09.21.00:380][322]LogTemp: C5258341D6D196C137EFA3C1DABC6143ACA38D433FC52A43C4C7523F0000803F0000803F4477A953
[2016.02.17-09.21.00:412][324]LogTemp: C5258341D6D196C137EFA3C126436043ACA38D433FC52A43C4C7523F0000803F0000803F4477A953
[2016.02.17-09.21.00:460][327]LogTemp: C5258341D6D196C137EFA3C171C95E43ACA38D433FC52A43C4C7523F0000803F0000803F4477A953
[2016.02.17-09.21.01:800][410]LogTemp: B4F1DC3E7DD70E3F000000000000803F4477A953
[2016.02.17-09.21.01:800][410]LogTemp: 5267E03E7DD70E3F000000000000803F4477A953
[2016.02.17-09.21.01:815][411]LogTemp: F2DCE33E7DD70E3F000000000000803F4477A953
[2016.02.17-09.21.01:815][411]LogTemp: CF3DEE3E7DD70E3F000000000000803F4477A953
[2016.02.17-09.21.01:831][412]LogTemp: AD9EF83E7DD70E3F000000000000803F4477A953
[2016.02.17-09.21.01:831][412]LogTemp: 64F5043F7DD70E3F000000000000803F4477A953
[2016.02.17-09.21.01:848][413]LogTemp: A3E00B3F7DD70E3F000000000000803F4477A953
[2016.02.17-09.21.01:848][413]LogTemp: E1CB123F7DD70E3F000000000000803F4477A953
[2016.02.17-09.21.01:864][414]LogTemp: 1FB7193F7DD70E3F000000000000803F4477A953
[2016.02.17-09.21.01:864][414]LogTemp: FC17243F7DD70E3F000000000000803F4477A953
[2016.02.17-09.21.01:880][415]LogTemp: 0ABE2C3F7DD70E3F000000000000803F4477A953
[2016.02.17-09.21.01:880][415]LogTemp: 48A9333F7DD70E3F000000000000803F4477A953
[2016.02.17-09.21.01:896][416]LogTemp: 87943A3F7DD70E3F000000000000803F4477A953
[2016.02.17-09.21.01:896][416]LogTemp: 564F3C3F7DD70E3F000000000000803F4477A953
[2016.02.17-09.21.01:962][420]LogTemp: 260A3E3F7DD70E3F000000000000803F4477A953
[2016.02.17-09.21.02:124][430]LogTemp: 87943A3F7DD70E3F000000000000803F4477A953
[2016.02.17-09.21.02:124][430]LogTemp: E81E373F7DD70E3F000000000000803F4477A953
[2016.02.17-09.21.02:138][431]LogTemp: DA782E3F7DD70E3F000000000000803F4477A953
[2016.02.17-09.21.02:138][431]LogTemp: CCD2253F7DD70E3F000000000000803F4477A953
[2016.02.17-09.21.02:154][432]LogTemp: BE2C1D3F7DD70E3F000000000000803F4477A953
[2016.02.17-09.21.02:154][432]LogTemp: E1CB123F7DD70E3F000000000000803F4477A953
[2016.02.17-09.21.02:170][433]LogTemp: 33B0063F7DD70E3F000000000000803F4477A953
[2016.02.17-09.21.02:170][433]LogTemp: AD9EF83E7DD70E3F000000000000803F4477A953
[2016.02.17-09.21.02:186][434]LogTemp: F2DCE33E7DD70E3F000000000000803F4477A953
[2016.02.17-09.21.02:186][434]LogTemp: 7506D63E7DD70E3F000000000000803F4477A953
[2016.02.17-09.21.02:202][435]LogTemp: 371BCF3E7DD70E3F000000000000803F4477A953
[2016.02.17-09.21.02:477][452]LogTemp: D690D23E7DD70E3F000000000000803F4477A953
[2016.02.17-09.21.02:493][453]LogTemp: B4F1DC3E7DD70E3F000000000000803F4477A953
[2016.02.17-09.21.02:493][453]LogTemp: 30C8EA3E7DD70E3F000000000000803F4477A953
[2016.02.17-09.21.02:509][454]LogTemp: AD9EF83E7DD70E3F000000000000803F4477A953
[2016.02.17-09.21.02:509][454]LogTemp: 33B0063F7DD70E3F000000000000803F4477A953
[2016.02.17-09.21.02:526][455]LogTemp: 41560F3F7DD70E3F000000000000803F4477A953
[2016.02.17-09.21.02:526][455]LogTemp: 4FFC173F7DD70E3F000000000000803F4477A953
[2016.02.17-09.21.02:542][456]LogTemp: 5DA2203F7DD70E3F000000000000803F4477A953
[2016.02.17-09.21.02:542][456]LogTemp: 3A032B3F7DD70E3F000000000000803F4477A953
[2016.02.17-09.21.02:558][457]LogTemp: 1864353F7DD70E3F000000000000803F4477A953
[2016.02.17-09.21.02:558][457]LogTemp: 87943A3F7DD70E3F000000000000803F4477A953
[2016.02.17-09.21.02:574][458]LogTemp: 564F3C3F7DD70E3F000000000000803F4477A953
[2016.02.17-09.21.03:059][488]LogTemp: E81E373F7DD70E3F000000000000803F4477A953
[2016.02.17-09.21.03:074][489]LogTemp: 78EE313F7DD70E3F000000000000803F4477A953
[2016.02.17-09.21.03:074][489]LogTemp: 6B48293F7DD70E3F000000000000803F4477A953
[2016.02.17-09.21.03:090][490]LogTemp: 5DA2203F7DD70E3F000000000000803F4477A953
[2016.02.17-09.21.03:090][490]LogTemp: B186143F7DD70E3F000000000000803F4477A953
[2016.02.17-09.21.03:106][491]LogTemp: D3250A3F7DD70E3F000000000000803F4477A953
[2016.02.17-09.21.03:106][491]LogTemp: AD9EF83E7DD70E3F000000000000803F4477A953
[2016.02.17-09.21.03:122][492]LogTemp: B4F1DC3E7DD70E3F000000000000803F4477A953
[2016.02.17-09.21.03:122][492]LogTemp: 98A5CB3E7DD70E3F000000000000803F4477A953
[2016.02.17-09.21.03:138][493]LogTemp: 1BCFBD3E7DD70E3F000000000000803F4477A953
[2016.02.17-09.21.03:138][493]LogTemp: 9FF8AF3E7DD70E3F000000000000803F4477A953
[2016.02.17-09.21.03:154][494]LogTemp: 83AC9E3E7DD70E3F000000000000803F4477A953
[2016.02.17-09.21.03:154][494]LogTemp: A64B943E7DD70E3F000000000000803F4477A953
[2016.02.17-09.21.03:170][495]LogTemp: 2975863E7DD70E3F000000000000803F4477A953
[2016.02.17-09.21.03:170][495]LogTemp: D6137F3E7DD70E3F000000000000803F4477A953
[2016.02.17-09.21.03:186][496]LogTemp: 9828783E7DD70E3F000000000000803F4477A953
[2016.02.17-09.21.03:413][510]LogTemp: 8AFF823E7DD70E3F000000000000803F4477A953
[2016.02.17-09.21.03:429][511]LogTemp: 06D6903E7DD70E3F000000000000803F4477A953
[2016.02.17-09.21.03:429][511]LogTemp: 83AC9E3E7DD70E3F000000000000803F4477A953
[2016.02.17-09.21.03:445][512]LogTemp: DDE3B63E7DD70E3F000000000000803F4477A953
[2016.02.17-09.21.03:445][512]LogTemp: 5267E03E7DD70E3F000000000000803F4477A953
[2016.02.17-09.21.03:462][513]LogTemp: 64F5043F7DD70E3F000000000000803F4477A953
[2016.02.17-09.21.03:462][513]LogTemp: 1FB7193F7DD70E3F000000000000803F4477A953
[2016.02.17-09.21.03:479][514]LogTemp: 78EE313F7DD70E3F000000000000803F4477A953
[2016.02.17-09.21.03:479][514]LogTemp: 64F5443F7DD70E3F000000000000803F4477A953
[2016.02.17-09.21.03:494][515]LogTemp: 41564F3F7DD70E3F000000000000803F4477A953
[2016.02.17-09.21.03:494][515]LogTemp: 7F41563F7DD70E3F000000000000803F4477A953
[2016.02.17-09.21.03:801][534]LogTemp: B186543F7DD70E3F000000000000803F4477A953
[2016.02.17-09.21.03:817][535]LogTemp: E1CB523F7DD70E3F000000000000803F4477A953
[2016.02.17-09.21.03:817][535]LogTemp: A3E04B3F7DD70E3F000000000000803F4477A953
[2016.02.17-09.21.03:833][536]LogTemp: 64F5443F7DD70E3F000000000000803F4477A953
[2016.02.17-09.21.03:833][536]LogTemp: 87943A3F7DD70E3F000000000000803F4477A953
[2016.02.17-09.21.03:848][537]LogTemp: 0ABE2C3F7DD70E3F000000000000803F4477A953
[2016.02.17-09.21.03:848][537]LogTemp: 1FB7193F7DD70E3F000000000000803F4477A953
[2016.02.17-09.21.03:865][538]LogTemp: 33B0063F7DD70E3F000000000000803F4477A953
[2016.02.17-09.21.03:865][538]LogTemp: 9152E73E7DD70E3F000000000000803F4477A953
[2016.02.17-09.21.03:881][539]LogTemp: 98A5CB3E7DD70E3F000000000000803F4477A953
[2016.02.17-09.21.03:881][539]LogTemp: DDE3B63E7DD70E3F000000000000803F4477A953
[2016.02.17-09.21.03:897][540]LogTemp: 9FF8AF3E7DD70E3F000000000000803F4477A953
[2016.02.17-09.21.04:122][554]LogTemp: DDE3B63E7DD70E3F000000000000803F4477A953
[2016.02.17-09.21.04:122][554]LogTemp: BB44C13E7DD70E3F000000000000803F4477A953
[2016.02.17-09.21.04:138][555]LogTemp: D690D23E7DD70E3F000000000000803F4477A953
[2016.02.17-09.21.04:138][555]LogTemp: CF3DEE3E7DD70E3F000000000000803F4477A953
[2016.02.17-09.21.04:154][556]LogTemp: A3E00B3F7DD70E3F000000000000803F4477A953
[2016.02.17-09.21.04:154][556]LogTemp: FC17243F7DD70E3F000000000000803F4477A953
[2016.02.17-09.21.04:170][557]LogTemp: 260A3E3F7DD70E3F000000000000803F4477A953
[2016.02.17-09.21.04:170][557]LogTemp: 4FFC573F7DD70E3F000000000000803F4477A953
[2016.02.17-09.21.04:187][558]LogTemp: 0ABE6C3F7DD70E3F000000000000803F4477A953
[2016.02.17-09.21.04:187][558]LogTemp: 87947A3F7DD70E3F000000000000803F4477A953
[2016.02.17-09.21.04:203][559]LogTemp: 0000803F7DD70E3F000000000000803F4477A953
[2016.02.17-09.21.04:477][576]LogTemp: 564F7C3F7DD70E3F000000000000803F4477A953
[2016.02.17-09.21.04:494][577]LogTemp: 6B48693F7DD70E3F000000000000803F4477A953
[2016.02.17-09.21.04:494][577]LogTemp: 1111513F7DD70E3F000000000000803F4477A953
[2016.02.17-09.21.04:510][578]LogTemp: B7D9383F7DD70E3F000000000000803F4477A953
[2016.02.17-09.21.04:510][578]LogTemp: 8EE71E3F7DD70E3F000000000000803F4477A953
[2016.02.17-09.21.04:527][579]LogTemp: 64F5043F7DD70E3F000000000000803F4477A953
[2016.02.17-09.21.04:527][579]LogTemp: CF3DEE3E7DD70E3F000000000000803F4477A953
[2016.02.17-09.21.04:542][580]LogTemp: 147CD93E7DD70E3F000000000000803F4477A953
[2016.02.17-09.21.04:542][580]LogTemp: 59BAC43E7DD70E3F000000000000803F4477A953
[2016.02.17-09.21.04:558][581]LogTemp: DDE3B63E7DD70E3F000000000000803F4477A953
[2016.02.17-09.21.04:558][581]LogTemp: 0083AC3E7DD70E3F000000000000803F4477A953
[2016.02.17-09.21.04:947][605]LogTemp: 3E6EB33E7DD70E3F000000000000803F4477A953
[2016.02.17-09.21.04:962][606]LogTemp: 7C59BA3E7DD70E3F000000000000803F4477A953
[2016.02.17-09.21.04:962][606]LogTemp: 1BCFBD3E7DD70E3F000000000000803F4477A953
[2016.02.17-09.21.04:979][607]LogTemp: 59BAC43E7DD70E3F000000000000803F4477A953
[2016.02.17-09.21.04:979][607]LogTemp: F92FC83E7DD70E3F000000000000803F4477A953
[2016.02.17-09.21.04:994][608]LogTemp: 98A5CB3E7DD70E3F000000000000803F4477A953
[2016.02.17-09.21.04:994][608]LogTemp: 371BCF3E7DD70E3F000000000000803F4477A953
[2016.02.17-09.21.05:010][609]LogTemp: 7506D63E7DD70E3F000000000000803F4477A953
[2016.02.17-09.21.05:026][610]LogTemp: B4F1DC3E7DD70E3F000000000000803F4477A953
[2016.02.17-09.21.05:042][611]LogTemp: 5267E03E7DD70E3F000000000000803F4477A953
[2016.02.17-09.21.05:058][612]LogTemp: F2DCE33E7DD70E3F000000000000803F4477A953
[2016.02.17-09.21.05:074][613]LogTemp: 9152E73E7DD70E3F000000000000803F4477A953
[2016.02.17-09.21.05:091][614]LogTemp: 30C8EA3E7DD70E3F000000000000803F4477A953
[2016.02.17-09.21.05:091][614]LogTemp: 6EB3F13E7DD70E3F000000000000803F4477A953
[2016.02.17-09.21.05:106][615]LogTemp: 0D29F53E7DD70E3F000000000000803F4477A953
[2016.02.17-09.21.05:106][615]LogTemp: 4B14FC3E7DD70E3F000000000000803F4477A953
[2016.02.17-09.21.05:123][616]LogTemp: 953A033F7DD70E3F000000000000803F4477A953
[2016.02.17-09.21.05:123][616]LogTemp: 64F5043F7DD70E3F000000000000803F4477A953
[2016.02.17-09.21.05:139][617]LogTemp: 33B0063F7DD70E3F000000000000803F4477A953
[2016.02.17-09.21.06:204][683]LogTemp: C5258341D6D196C186609DC171C95E43ACA38D433FC52A43C4C7523F0000803F0000803F4477A953
[2016.02.17-09.21.06:204][683]LogTemp: C5258341D6D196C1D6D196C171C95E43ACA38D433FC52A43C4C7523F0000803F0000803F4477A953
[2016.02.17-09.21.06:220][684]LogTemp: C5258341D6D196C176B489C171C95E43ACA38D433FC52A43C4C7523F0000803F0000803F4477A953
[2016.02.17-09.21.06:220][684]LogTemp: C5258341D6D196C1C9106CC171C95E43ACA38D433FC52A43C4C7523F0000803F0000803F4477A953
[2016.02.17-09.21.06:236][685]LogTemp: C5258341D6D196C1A8B844C171C95E43ACA38D433FC52A43C4C7523F0000803F0000803F4477A953
[2016.02.17-09.21.06:236][685]LogTemp: C5258341D6D196C1C910ECC071C95E43ACA38D433FC52A43C4C7523F0000803F0000803F4477A953
[2016.02.17-09.21.06:252][686]LogTemp: C5258341D6D196C186601DC071C95E43ACA38D433FC52A43C4C7523F0000803F0000803F4477A953
[2016.02.17-09.21.06:252][686]LogTemp: C5258341D6D196C108D6D13F71C95E43ACA38D433FC52A43C4C7523F0000803F0000803F4477A953
[2016.02.17-09.21.06:268][687]LogTemp: C5258341D6D196C108D6D14071C95E43ACA38D433FC52A43C4C7523F0000803F0000803F4477A953
[2016.02.17-09.21.06:284][688]LogTemp: C5258341D6D196C186601D4171C95E43ACA38D433FC52A43C4C7523F0000803F0000803F4477A953
[2016.02.17-09.21.06:300][689]LogTemp: C5258341D6D196C1479B374171C95E43ACA38D433FC52A43C4C7523F0000803F0000803F4477A953
[2016.02.17-09.21.06:316][690]LogTemp: C5258341D6D196C169F35E4171C95E43ACA38D433FC52A43C4C7523F0000803F0000803F4477A953
[2016.02.17-09.21.06:316][690]LogTemp: C5258341D6D196C12A2E794171C95E43ACA38D433FC52A43C4C7523F0000803F0000803F4477A953
[2016.02.17-09.21.06:332][691]LogTemp: C5258341D6D196C1C525834171C95E43ACA38D433FC52A43C4C7523F0000803F0000803F4477A953
[2016.02.17-09.21.06:332][691]LogTemp: C5258341D6D196C176B4894171C95E43ACA38D433FC52A43C4C7523F0000803F0000803F4477A953
[2016.02.17-09.21.06:348][692]LogTemp: C5258341D6D196C1D6D1964171C95E43ACA38D433FC52A43C4C7523F0000803F0000803F4477A953
[2016.02.17-09.21.06:348][692]LogTemp: C5258341D6D196C186609D4171C95E43ACA38D433FC52A43C4C7523F0000803F0000803F4477A953
[2016.02.17-09.21.06:365][693]LogTemp: C5258341D6D196C1E77DAA4171C95E43ACA38D433FC52A43C4C7523F0000803F0000803F4477A953
[2016.02.17-09.21.06:365][693]LogTemp: C5258341D6D196C1970CB14171C95E43ACA38D433FC52A43C4C7523F0000803F0000803F4477A953
[2016.02.17-09.21.06:591][707]LogTemp: C5258341D6D196C186609D4171C95E43ACA38D433FC52A43C4C7523F0000803F0000803F4477A953
[2016.02.17-09.21.06:607][708]LogTemp: C5258341D6D196C1C9106C4171C95E43ACA38D433FC52A43C4C7523F0000803F0000803F4477A953
[2016.02.17-09.21.06:607][708]LogTemp: C5258341D6D196C1C525034171C95E43ACA38D433FC52A43C4C7523F0000803F0000803F4477A953
[2016.02.17-09.21.06:623][709]LogTemp: C5258341D6D196C108D6D1BF71C95E43ACA38D433FC52A43C4C7523F0000803F0000803F4477A953
[2016.02.17-09.21.06:623][709]LogTemp: C5258341D6D196C1479B37C171C95E43ACA38D433FC52A43C4C7523F0000803F0000803F4477A953
[2016.02.17-09.21.06:639][710]LogTemp: C5258341D6D196C1E77DAAC171C95E43ACA38D433FC52A43C4C7523F0000803F0000803F4477A953
[2016.02.17-09.21.06:639][710]LogTemp: C5258341D6D196C17A9FF2C171C95E43ACA38D433FC52A43C4C7523F0000803F0000803F4477A953
[2016.02.17-09.21.06:655][711]LogTemp: C5258341D6D196C1DEA720C271C95E43ACA38D433FC52A43C4C7523F0000803F0000803F4477A953
[2016.02.17-09.21.06:655][711]LogTemp: C5258341D6D196C1F8293EC271C95E43ACA38D433FC52A43C4C7523F0000803F0000803F4477A953
[2016.02.17-09.21.06:671][712]LogTemp: C5258341D6D196C111AC5BC271C95E43ACA38D433FC52A43C4C7523F0000803F0000803F4477A953
[2016.02.17-09.21.06:671][712]LogTemp: C5258341D6D196C1D2E675C271C95E43ACA38D433FC52A43C4C7523F0000803F0000803F4477A953
[2016.02.17-09.21.06:687][713]LogTemp: C5258341D6D196C1DABC7FC271C95E43ACA38D433FC52A43C4C7523F0000803F0000803F4477A953
[2016.02.17-09.21.06:687][713]LogTemp: C5258341D6D196C171C984C271C95E43ACA38D433FC52A43C4C7523F0000803F0000803F4477A953
[2016.02.17-09.21.06:703][714]LogTemp: C5258341D6D196C1C91088C271C95E43ACA38D433FC52A43C4C7523F0000803F0000803F4477A953
[2016.02.17-09.21.06:703][714]LogTemp: C5258341D6D196C176B489C271C95E43ACA38D433FC52A43C4C7523F0000803F0000803F4477A953
[2016.02.17-09.21.07:010][733]LogTemp: C5258341D6D196C1C91088C271C95E43ACA38D433FC52A43C4C7523F0000803F0000803F4477A953
[2016.02.17-09.21.07:010][733]LogTemp: C5258341D6D196C1C52583C271C95E43ACA38D433FC52A43C4C7523F0000803F0000803F4477A953
[2016.02.17-09.21.07:026][734]LogTemp: C5258341D6D196C12A2E79C271C95E43ACA38D433FC52A43C4C7523F0000803F0000803F4477A953
[2016.02.17-09.21.07:026][734]LogTemp: C5258341D6D196C1198265C271C95E43ACA38D433FC52A43C4C7523F0000803F0000803F4477A953
[2016.02.17-09.21.07:043][735]LogTemp: C5258341D6D196C1611D55C271C95E43ACA38D433FC52A43C4C7523F0000803F0000803F4477A953
[2016.02.17-09.21.07:043][735]LogTemp: C5258341D6D196C1507141C271C95E43ACA38D433FC52A43C4C7523F0000803F0000803F4477A953
[2016.02.17-09.21.07:059][736]LogTemp: C5258341D6D196C1970C31C271C95E43ACA38D433FC52A43C4C7523F0000803F0000803F4477A953
[2016.02.17-09.21.07:059][736]LogTemp: C5258341D6D196C137EF23C271C95E43ACA38D433FC52A43C4C7523F0000803F0000803F4477A953
[2016.02.17-09.21.14:802][209]LogWindowsTextInputMethodSystem:Display: IME system now activated using TSF (Google 日本語入力).
[2016.02.17-09.21.14:805][209]LogEngine: All Windows Closed
[2016.02.17-09.21.14:805][209]LogWindows: FPlatformMisc::RequestExit(0)
[2016.02.17-09.21.15:538][210]LogTemp: Shutdown UdpSocket.
[2016.02.17-09.21.15:539][210]LogTemp: Shutdown UdpSocket.
[2016.02.17-09.21.15:539][210]LogTemp: Shutdown Protocols.
[2016.02.17-09.21.15:581][210]LogExit: Preparing to exit.
[2016.02.17-09.21.15:609][210]LogExit: Game engine shut down
[2016.02.17-09.21.15:648][210]LogObj: Freed 32b from 1 cluster array pools.
[2016.02.17-09.21.15:648][210]LogExit: Object subsystem successfully closed.
[2016.02.17-09.21.15:655][210]LogD3D11RHI: Shutdown
[2016.02.17-09.21.15:655][210]LogD3D11RHI: CleanupD3DDevice
[2016.02.17-09.21.15:696][210]LogD3D11RHI: ~FD3D11DynamicRHI
[2016.02.17-09.21.15:696][210]LogModuleManager:Warning: ModuleManager: Module 'DerivedDataCache' not found - its StaticallyLinkedModuleInitializers function is null.
[2016.02.17-09.21.15:696][210]LogModuleManager: Shutting down and abandoning module AutomationController (63)
[2016.02.17-09.21.15:696][210]LogModuleManager: Shutting down and abandoning module AutomationWorker (62)
[2016.02.17-09.21.15:696][210]LogModuleManager: Shutting down and abandoning module CharacterAI (61)
[2016.02.17-09.21.15:696][210]LogModuleManager: Shutting down and abandoning module AIModule (59)
[2016.02.17-09.21.15:696][210]LogModuleManager: Shutting down and abandoning module StreamingPauseRendering (58)
[2016.02.17-09.21.15:696][210]LogModuleManager: Shutting down and abandoning module AnalyticsET (57)
[2016.02.17-09.21.15:696][210]LogModuleManager: Shutting down and abandoning module Analytics (56)
[2016.02.17-09.21.15:696][210]LogModuleManager: Shutting down and abandoning module PortalServices (55)
[2016.02.17-09.21.15:696][210]LogModuleManager: Shutting down and abandoning module PortalRpc (54)
[2016.02.17-09.21.15:696][210]LogModuleManager: Shutting down and abandoning module MessagingRpc (53)
[2016.02.17-09.21.15:696][210]LogModuleManager: Shutting down and abandoning module ProfilerService (52)
[2016.02.17-09.21.15:768][210]LogModuleManager: Shutting down and abandoning module TaskGraph (51)
[2016.02.17-09.21.15:768][210]LogModuleManager: Shutting down and abandoning module ArchVisCharacter (50)
[2016.02.17-09.21.15:768][210]LogModuleManager: Shutting down and abandoning module CableComponent (49)
[2016.02.17-09.21.15:768][210]LogModuleManager: Shutting down and abandoning module CustomMeshComponent (48)
[2016.02.17-09.21.15:768][210]LogModuleManager: Shutting down and abandoning module OculusInput (47)
[2016.02.17-09.21.15:768][210]LogModuleManager: Shutting down and abandoning module OculusLibrary (46)
[2016.02.17-09.21.15:768][210]LogModuleManager: Shutting down and abandoning module ProceduralMeshComponent (45)
[2016.02.17-09.21.15:768][210]LogModuleManager: Shutting down and abandoning module SteamVRController (44)
[2016.02.17-09.21.15:768][210]LogModuleManager: Shutting down and abandoning module SteamVR (43)
[2016.02.17-09.21.15:768][210]LogModuleManager: Shutting down and abandoning module HTML5Networking (42)
[2016.02.17-09.21.15:768][210]LogModuleManager: Shutting down and abandoning module SlateRemote (41)
[2016.02.17-09.21.15:768][210]LogModuleManager: Shutting down and abandoning module UDPCommunication (40)
[2016.02.17-09.21.15:768][210]LogModuleManager: Shutting down and abandoning module Paper2D (39)
[2016.02.17-09.21.15:768][210]LogModuleManager: Shutting down and abandoning module LightPropagationVolumeRuntime (38)
[2016.02.17-09.21.15:768][210]LogModuleManager: Shutting down and abandoning module UdpMessaging (37)
[2016.02.17-09.21.15:768][210]LogModuleManager: Shutting down and abandoning module WindowsMoviePlayer (36)
[2016.02.17-09.21.15:768][210]LogModuleManager: Shutting down and abandoning module Media (35)
[2016.02.17-09.21.15:768][210]LogModuleManager: Shutting down and abandoning module WmfMedia (34)
[2016.02.17-09.21.15:768][210]LogModuleManager: Shutting down and abandoning module ImageWrapper (33)
[2016.02.17-09.21.15:768][210]LogModuleManager: Shutting down and abandoning module GameLiveStreaming (32)
[2016.02.17-09.21.15:768][210]LogModuleManager: Shutting down and abandoning module UMG (31)
[2016.02.17-09.21.15:768][210]LogModuleManager: Shutting down and abandoning module SlateReflector (30)
[2016.02.17-09.21.15:768][210]LogModuleManager: Shutting down and abandoning module Slate (29)
[2016.02.17-09.21.15:768][210]LogModuleManager: Shutting down and abandoning module SessionServices (28)
[2016.02.17-09.21.15:768][210]LogModuleManager: Shutting down and abandoning module Messaging (27)
[2016.02.17-09.21.15:768][210]LogModuleManager: Shutting down and abandoning module HeadMountedDisplay (26)
[2016.02.17-09.21.15:768][210]LogModuleManager: Shutting down and abandoning module XAudio2 (25)
[2016.02.17-09.21.15:768][210]LogModuleManager: Shutting down and abandoning module Networking (23)
[2016.02.17-09.21.15:768][210]LogModuleManager: Shutting down and abandoning module Core (22)
[2016.02.17-09.21.15:768][210]LogModuleManager: Shutting down and abandoning module LeapMotionController (21)
[2016.02.17-09.21.15:800][210]LogModuleManager: Shutting down and abandoning module InputCore (20)
[2016.02.17-09.21.15:800][210]LogModuleManager: Shutting down and abandoning module OnlineSubsystem (18)
[2016.02.17-09.21.15:800][210]LogModuleManager: Shutting down and abandoning module HTTP (17)
[2016.02.17-09.21.17:805][210]LogModuleManager: Shutting down and abandoning module ExampleDeviceProfileSelector (16)
[2016.02.17-09.21.17:805][210]LogModuleManager: Shutting down and abandoning module OculusRift (15)
[2016.02.17-09.21.17:805][210]LogHMD: Oculus shutdown.
[2016.02.17-09.21.17:805][210]LogModuleManager: Shutting down and abandoning module ShaderCore (14)
[2016.02.17-09.21.17:805][210]LogModuleManager: Shutting down and abandoning module Landscape (13)
[2016.02.17-09.21.17:805][210]LogModuleManager: Shutting down and abandoning module SlateRHIRenderer (12)
[2016.02.17-09.21.17:805][210]LogModuleManager: Shutting down and abandoning module OpenGLDrv (11)
[2016.02.17-09.21.17:805][210]LogModuleManager: Shutting down and abandoning module D3D11RHI (10)
[2016.02.17-09.21.17:805][210]LogModuleManager: Shutting down and abandoning module AnimGraphRuntime (9)
[2016.02.17-09.21.17:805][210]LogModuleManager: Shutting down and abandoning module Renderer (8)
[2016.02.17-09.21.17:805][210]LogModuleManager: Shutting down and abandoning module Engine (7)
[2016.02.17-09.21.17:805][210]LogModuleManager: Shutting down and abandoning module CoreUObject (6)
[2016.02.17-09.21.17:805][210]LogModuleManager: Shutting down and abandoning module NetworkFile (5)
[2016.02.17-09.21.17:805][210]LogModuleManager: Shutting down and abandoning module StreamingFile (4)
[2016.02.17-09.21.17:805][210]LogModuleManager: Shutting down and abandoning module SandboxFile (3)
[2016.02.17-09.21.17:805][210]LogModuleManager: Shutting down and abandoning module PakFile (1)
[2016.02.17-09.21.17:805][210]LogExit: Exiting.
[2016.02.17-09.21.17:806][210]Log file closed, 02/17/16 18:21:17
