Log file open, 02/17/16 18:17:00
LogModuleManager:Warning: ModuleManager: Module 'HTTPChunkInstaller' not found - its StaticallyLinkedModuleInitializers function is null.
LogPlatformFile: Not using cached read wrapper
LogInit:Display: RandInit(1596213316) SRandInit(1596213318).
LogTaskGraph: Started task graph with 4 named threads and 7 total threads.
LogStats: Stats thread started at 0.076599
OCULUS: Info: 02/17/16 09:17:00: [CAPI] LibOVR module is located at C:\Windows\SYSTEM32\LibOVRRT64_0_8.dll

OCULUS: Info: 02/17/16 09:17:00: [IPC] Call Stats for SetInitialState : x1: C2S=27.3699, S2C=24.804, Runtime=65.8588 (microseconds) C2Ssize=80, S2Csize=81 (bytes)

OCULUS: Info: 02/17/16 09:17:00: [IPC] Call Stats for IsLatencyTesterAvailable : x1: C2S=8.83819, S2C=3.99144, Runtime=1.14041 (microseconds) C2Ssize=33, S2Csize=18 (bytes)

OCULUS: Info: 02/17/16 09:17:00: [IPC] Call Stats for Hmd_Create : x1: C2S=5.98716, S2C=4.27654, Runtime=11.119 (microseconds) C2Ssize=19, S2Csize=171 (bytes)

OCULUS: Info: 02/17/16 09:17:00: [IPC] Call Stats for Hmd_GetHmdInfo : x1: C2S=4.84675, S2C=7.12757, Runtime=5.98716 (microseconds) C2Ssize=23, S2Csize=699 (bytes)

OCULUS: Info: 02/17/16 09:17:00: [IPC] Call Stats for SetNumberValue : x1: C2S=6.55737, S2C=3.99144, Runtime=3.99144 (microseconds) C2Ssize=55, S2Csize=25 (bytes)

OCULUS: Info: 02/17/16 09:17:00: [IPC] Call Stats for SetNumberValues : x1: C2S=5.41696, S2C=38.774, Runtime=3.99144 (microseconds) C2Ssize=81, S2Csize=25 (bytes)

OCULUS: Info: 02/17/16 09:17:00: [IPC] Call Stats for Hmd_SetEnabledCaps : x1: C2S=7.12757, S2C=3.42124, Runtime=27.0848 (microseconds) C2Ssize=35, S2Csize=33 (bytes)

OCULUS: Info: 02/17/16 09:17:00: [IPC] Call Stats for Hmd_ConfigureTracking : x1: C2S=5.41696, S2C=3.13613, Runtime=15.1105 (microseconds) C2Ssize=46, S2Csize=25 (bytes)

OCULUS: Info: 02/17/16 09:17:00: [IPC] Call Stats for Hmd_Release : x1: C2S=4.56165, S2C=3.42124, Runtime=13.1147 (microseconds) C2Ssize=20, S2Csize=25 (bytes)

LogInit: Version: 4.11.0-2858478+++UE4+Release-4.11
LogInit: API Version: 2858478
LogInit: Compiled (64-bit): Feb  8 2016 02:16:09
LogInit: Compiled with Visual C++: 19.00.23026.00
LogInit: Build Configuration: Development
LogInit: Branch Name: ++UE4+Release-4.11
LogInit: Command line: 
LogInit: Base directory: D:/r-hara_AJISAI_5113/TechResearch/UDPDemo/UDPCommunication/Package/WindowsNoEditor/UDPCommunication/Binaries/Win64/
LogInit: Installed Engine Build: 0
LogInit: Using libcurl 7.41.0
LogInit:  - built for x86_64-pc-win32
LogInit:  - supports SSL with WinSSL
LogInit:  - other features:
LogInit:      CURL_VERSION_SSL
LogInit:      CURL_VERSION_IPV6
LogInit:      CURL_VERSION_ASYNCHDNS
LogInit:      CURL_VERSION_LARGEFILE
LogInit:      CURL_VERSION_IDN
LogInit:  CurlRequestOptions (configurable via config and command line):
LogInit:  - bVerifyPeer = true  - Libcurl will verify peer certificate
LogInit:  - bUseHttpProxy = false  - Libcurl will NOT use HTTP proxy
LogInit:  - bDontReuseConnections = false  - Libcurl will reuse connections
LogInit:  - CertBundlePath = nullptr  - Libcurl will use whatever was configured at build time.
LogInit: Presizing for max 2097152 objects, including 0 objects not considered by GC, pre-allocating 0 bytes for permanent pool.
LogInit: Object subsystem initialized
[2016.02.17-09.17.00:762][  0]LogInit: Selected Device Profile: [WindowsNoEditor]
[2016.02.17-09.17.00:762][  0]LogInit: Applying CVar settings loaded from the selected device profile: [WindowsNoEditor]
[2016.02.17-09.17.00:772][  0]LogInit: Computer: AJISAI
[2016.02.17-09.17.00:772][  0]LogInit: User: rhara
[2016.02.17-09.17.00:772][  0]LogInit: CPU Page size=65536, Cores=4
[2016.02.17-09.17.00:772][  0]LogInit: High frequency timer resolution =3.507505 MHz
[2016.02.17-09.17.00:772][  0]LogMemory: Memory total: Physical=23.9GB (24GB approx)
[2016.02.17-09.17.00:772][  0]LogMemory: Platform Memory Stats for WindowsNoEditor
[2016.02.17-09.17.00:772][  0]LogMemory: Process Physical Memory: 66.52 MB used, 66.52 MB peak
[2016.02.17-09.17.00:772][  0]LogMemory: Process Virtual Memory: 84.88 MB used, 84.88 MB peak
[2016.02.17-09.17.00:773][  0]LogMemory: Physical Memory: 10790.07 MB used, 24517.81 MB total
[2016.02.17-09.17.00:773][  0]LogMemory: Virtual Memory: 288.75 MB used, 134217728.00 MB total
[2016.02.17-09.17.01:023][  0]LogTextLocalizationManager: No translations for ('ja-JP') exist, falling back to 'en' for localization and internationalization data.
[2016.02.17-09.17.01:129][  0]LogD3D11RHI: D3D11 adapters:
[2016.02.17-09.17.01:150][  0]LogD3D11RHI:    0. 'NVIDIA GeForce GTX 970' (Feature Level 11_0)
[2016.02.17-09.17.01:151][  0]LogD3D11RHI:       3959MB of dedicated video memory, 0MB of dedicated system memory, and 12258MB of shared system memory, 2 output[s]
[2016.02.17-09.17.01:152][  0]LogD3D11RHI:    1. 'Microsoft Basic Render Driver' (Feature Level 11_0)
[2016.02.17-09.17.01:152][  0]LogD3D11RHI:       0MB of dedicated video memory, 0MB of dedicated system memory, and 256MB of shared system memory, 0 output[s]
[2016.02.17-09.17.01:152][  0]LogD3D11RHI: Chosen D3D11 Adapter: 0
[2016.02.17-09.17.01:162][  0]LogD3D11RHI: Creating new Direct3DDevice
[2016.02.17-09.17.01:162][  0]LogD3D11RHI:     Adapter Name: NVIDIA GeForce GTX 970
[2016.02.17-09.17.01:162][  0]LogD3D11RHI:   Driver Version: 10.18.13.6175 (internal 10.18.13.6175)
[2016.02.17-09.17.01:162][  0]LogD3D11RHI:      Driver Date: 1-22-2016
[2016.02.17-09.17.01:162][  0]LogRHI: Texture pool is 1361 MB (70% of 1945 MB)
[2016.02.17-09.17.01:176][  0]LogD3D11RHI: Async texture creation enabled
[2016.02.17-09.17.01:684][  0]LogInit: Selected Device Profile: [WindowsNoEditor]
[2016.02.17-09.17.01:684][  0]LogContentStreaming: Texture pool size is 1000.00 MB
[2016.02.17-09.17.01:802][  0]LogInit: WinSock: version 1.1 (2.2), MaxSocks=32767, MaxUdp=65467
[2016.02.17-09.17.01:813][  0]LogSlate: SlateFontCache - WITH_FREETYPE: 1, WITH_HARFBUZZ: 1
[2016.02.17-09.17.01:813][  0]LogSlate: SlateFontCache - WITH_FREETYPE: 1, WITH_HARFBUZZ: 1
[2016.02.17-09.17.01:874][  0]LogWindowsMoviePlayer: Unable to load movie: ../../../UDPCommunication/Content/Movies/Default_Startup.mp4
[2016.02.17-09.17.02:155][  0]LogObj: 24850 objects as part of root set at end of initial load.
[2016.02.17-09.17.02:155][  0]LogUObjectAllocator: 5009248 out of 0 bytes used by permanent object pool.
[2016.02.17-09.17.02:166][  0]LogEngine: Initializing Engine...
[2016.02.17-09.17.02:177][  0]LogHMD: Oculus plugin initialized. Version: 4.11.0-2858478+++UE4+Release-4.11, LibOVR: 0.8.0.0, built Feb  8 2016, 02:16:14
[2016.02.17-09.17.02:279][  0]LogInit: XAudio2 using 'スピーカー (Realtek High Definition Audio)' : 2 channels at 48 kHz using 32 bits per sample (channel mask 0x3)
[2016.02.17-09.17.02:287][  0]LogInit: FAudioDevice initialized.
[2016.02.17-09.17.02:287][  0]LogInit: Texture streaming: Enabled
[2016.02.17-09.17.02:294][  0]LogNet: Browse: /Game/Overview?Name=Player
[2016.02.17-09.17.02:294][  0]LogLoad: LoadMap: /Game/Overview?Name=Player
[2016.02.17-09.17.02:303][  0]LogMemory: Platform Memory Stats for WindowsNoEditor
[2016.02.17-09.17.02:303][  0]LogMemory: Process Physical Memory: 181.56 MB used, 181.56 MB peak
[2016.02.17-09.17.02:303][  0]LogMemory: Process Virtual Memory: 323.84 MB used, 323.84 MB peak
[2016.02.17-09.17.02:303][  0]LogMemory: Physical Memory: 10893.76 MB used, 24517.81 MB total
[2016.02.17-09.17.02:303][  0]LogMemory: Virtual Memory: 687.92 MB used, 134217728.00 MB total
[2016.02.17-09.17.02:303][  0]LogMemory: 
[2016.02.17-09.17.02:303][  0]LogMemory: Allocator Stats for binned:
[2016.02.17-09.17.02:303][  0]LogMemory: Current Memory 78.39 MB used, plus 4.80 MB waste
[2016.02.17-09.17.02:303][  0]LogMemory: Peak Memory 80.75 MB used, plus 3.94 MB waste
[2016.02.17-09.17.02:303][  0]LogMemory: Current OS Memory 83.19 MB, peak 84.69 MB
[2016.02.17-09.17.02:303][  0]LogMemory: Current Waste 1.13 MB, peak 1.44 MB
[2016.02.17-09.17.02:303][  0]LogMemory: Current Used 78.39 MB, peak 80.75 MB
[2016.02.17-09.17.02:304][  0]LogMemory: Current Slack 3.67 MB
[2016.02.17-09.17.02:304][  0]LogMemory: Allocs       127358 Current /  832652 Total
[2016.02.17-09.17.02:304][  0]LogMemory: 
[2016.02.17-09.17.02:304][  0]LogMemory: Block Size Num Pools Max Pools Cur Allocs Total Allocs Min Req Max Req Mem Used Mem Slack Mem Waste Efficiency
[2016.02.17-09.17.02:304][  0]LogMemory: ---------- --------- --------- ---------- ------------ ------- ------- -------- --------- --------- ----------
[2016.02.17-09.17.02:304][  0]LogMemory:          8         0         0          0            0       8       0       0K        0K        0K    100.00%
[2016.02.17-09.17.02:304][  0]LogMemory:         16         6         6      18616       273420      16      16     290K       94K        0K    100.00%
[2016.02.17-09.17.02:304][  0]LogMemory:         32        10        10      19455        80934      17      32     607K       33K       56K     91.25%
[2016.02.17-09.17.02:304][  0]LogMemory:         48         8         8       9559        40069      33      48     448K       64K       56K     89.06%
[2016.02.17-09.17.02:304][  0]LogMemory:         64        18        18      17762        84455      49      64    1110K       42K      122K     89.41%
[2016.02.17-09.17.02:304][  0]LogMemory:         80         9         9       7185        65816      65      80     561K       15K       40K     93.06%
[2016.02.17-09.17.02:304][  0]LogMemory:         96         5         5       3369        27284      81      96     315K        5K       19K     94.06%
[2016.02.17-09.17.02:304][  0]LogMemory:        112         5         6       2744        16005      97     112     300K       20K       18K     94.38%
[2016.02.17-09.17.02:304][  0]LogMemory:        128        17        17       8282        21686     114     128    1035K       53K       39K     96.42%
[2016.02.17-09.17.02:304][  0]LogMemory:        160        36        36      14698        37992     129     160    2296K        5K      177K     92.32%
[2016.02.17-09.17.02:304][  0]LogMemory:        192        22        22       6887        20234     161     192    1291K      116K       99K     92.97%
[2016.02.17-09.17.02:304][  0]LogMemory:        224         4         4       1028        16961     193     224     224K       32K       14K     94.53%
[2016.02.17-09.17.02:304][  0]LogMemory:        256         4         4        849        32822     226     256     212K       44K       17K     93.36%
[2016.02.17-09.17.02:304][  0]LogMemory:        288        24        43       5350        41467     257     288    1504K       29K       85K     94.47%
[2016.02.17-09.17.02:304][  0]LogMemory:        320         4         4        631         4116     290     320     197K       58K       10K     96.09%
[2016.02.17-09.17.02:304][  0]LogMemory:        384        16        16       2568        28542     322     384     963K       57K       85K     91.70%
[2016.02.17-09.17.02:304][  0]LogMemory:        448         5         5        583         7447     386     448     255K       65K       11K     96.56%
[2016.02.17-09.17.02:304][  0]LogMemory:        512         5         6        595         7481     450     512     297K       23K       25K     92.19%
[2016.02.17-09.17.02:304][  0]LogMemory:        576        24        24       2578         9593     514     576    1450K       76K       93K     93.95%
[2016.02.17-09.17.02:304][  0]LogMemory:        640         2         2        177         1218     578     640     110K       18K        6K     95.31%
[2016.02.17-09.17.02:304][  0]LogMemory:        704        16        16       1098         1943     641     704     754K      269K       30K     97.07%
[2016.02.17-09.17.02:304][  0]LogMemory:        768        11        11        592         1161     706     768     444K      258K        8K     98.86%
[2016.02.17-09.17.02:304][  0]LogMemory:        896        11        11        521         1354     769     896     455K      248K       38K     94.60%
[2016.02.17-09.17.02:304][  0]LogMemory:       1024         3         4        131          472     904    1024     131K       61K        2K     98.96%
[2016.02.17-09.17.02:304][  0]LogMemory:       1168         3         3        125          350    1025    1168     142K       50K        8K     95.83%
[2016.02.17-09.17.02:304][  0]LogMemory:       1360         5         5        168         1108    1171    1360     223K       96K       23K     92.81%
[2016.02.17-09.17.02:304][  0]LogMemory:       1632        10        11        369          733    1365    1632     588K       50K       43K     93.28%
[2016.02.17-09.17.02:304][  0]LogMemory:       2048        12        12        251          893    1635    2048     502K      266K       53K     93.10%
[2016.02.17-09.17.02:304][  0]LogMemory:       2336         4         4         93         1664    2050    2336     212K       44K       24K     90.63%
[2016.02.17-09.17.02:304][  0]LogMemory:       2720         4         4         74          445    2339    2711     196K       59K       10K     96.09%
[2016.02.17-09.17.02:304][  0]LogMemory:       3264        10        10        152         1253    2724    3264     484K      154K       31K     95.16%
[2016.02.17-09.17.02:304][  0]LogMemory:       4096        17        17        189          733    3266    4096     756K      332K       68K     93.75%
[2016.02.17-09.17.02:304][  0]LogMemory:       4672        10        11        104          384    4107    4671     474K      165K       26K     95.94%
[2016.02.17-09.17.02:304][  0]LogMemory:       5456        11        13         92          398    4675    5447     490K      214K       40K     94.32%
[2016.02.17-09.17.02:304][  0]LogMemory:       6544        14        15        112          313    5459    6543     715K      180K       56K     93.75%
[2016.02.17-09.17.02:304][  0]LogMemory:       8192         8        10         58          922    6549    8192     464K       48K       35K     93.16%
[2016.02.17-09.17.02:304][  0]LogMemory:       9360         7         8         48          102    8194    9360     438K       10K       25K     94.42%
[2016.02.17-09.17.02:304][  0]LogMemory:      10912         6         6         31           44    9383   10891     330K       54K       29K     92.45%
[2016.02.17-09.17.02:304][  0]LogMemory:      13104        10        10         48           91   10952   13056     614K       26K       52K     91.88%
[2016.02.17-09.17.02:304][  0]LogMemory:      16384         9        11         31          150   13105   16384     496K       80K       35K     93.92%
[2016.02.17-09.17.02:304][  0]LogMemory:      21840        17        19         50          110   16400   21412    1066K       22K      172K     84.19%
[2016.02.17-09.17.02:304][  0]LogMemory:      32768        10        12         20           87   21904   32640     640K        0K      149K     76.72%
[2016.02.17-09.17.02:304][  0]LogMemory:      49152         4         5         13          232       0   49152     624K      144K      187K     75.65%
[2016.02.17-09.17.02:304][  0]LogMemory:      98304         3         3         11           28       0   97064    1056K       96K      225K     80.47%
[2016.02.17-09.17.02:304][  0]LogMemory: 
[2016.02.17-09.17.02:304][  0]LogMemory: 29568K allocated in pools (with 3775K slack and 2341K waste). Efficiency 92.08%
[2016.02.17-09.17.02:304][  0]LogMemory: Allocations 127298 Current / 832513 Total (in 439 pools)
[2016.02.17-09.17.02:304][  0]LogMemory: 
[2016.02.17-09.17.02:321][  0]LogModuleManager:Warning: ModuleManager: Module 'GameplayDebugger' not found - its StaticallyLinkedModuleInitializers function is null.
[2016.02.17-09.17.02:321][  0]LogAIModule: Creating AISystem for world Overview
[2016.02.17-09.17.02:321][  0]LogWorld: Game class is 'UDPCommunicationGameMode'
[2016.02.17-09.17.02:323][  0]LogWorld: Bringing World /Game/Overview.Overview up for play (max tick rate 0) at 2016.02.17-18.17.02
[2016.02.17-09.17.02:323][  0]LogWorld: Bringing up level for play took: 0.001559
[2016.02.17-09.17.02:336][  0]LogTemp: Init UdpSocket.
[2016.02.17-09.17.02:347][  0]LogTemp: Init UdpSocket.
[2016.02.17-09.17.02:347][  0]LogTemp: Init Protocols.
[2016.02.17-09.17.02:347][  0]LogInit:Display: Game Engine Initialized.
[2016.02.17-09.17.02:548][  0]LogLoad: Full Startup: 2.08 seconds (BP compile: 0.00 seconds)
[2016.02.17-09.17.02:548][  0]LogExternalProfiler: Found external profiler: VSPerf
[2016.02.17-09.17.02:548][  0]LogExternalProfiler: Using external profiler: VSPerf
[2016.02.17-09.17.02:568][  0]LogStats:Warning: MetaData mismatch. Did you assign a stat to two groups? New //STATGROUP_Threads//Receiver///Thread_d748_0///####STATCAT_Advanced#### old //STATGROUP_Threads//Receiver///Thread_d428_0///####STATCAT_Advanced####
[2016.02.17-09.17.02:568][  0]LogOcInput: OculusInput is initialized. Init status 0. Runtime version: 0.8.0.0
[2016.02.17-09.17.02:649][  0]LogRenderer: Reallocating scene render targets to support 128x128 (Frame:1).
[2016.02.17-09.17.02:761][  1]LogRenderer: Reallocating scene render targets to support 1600x900 (Frame:2).
[2016.02.17-09.17.10:188][457]LogWindowsTextInputMethodSystem:Display: IME system now activated using TSF (Google 日本語入力).
[2016.02.17-09.17.10:189][457]LogEngine: All Windows Closed
[2016.02.17-09.17.10:189][457]LogWindows: FPlatformMisc::RequestExit(0)
[2016.02.17-09.17.11:185][458]LogTemp: Shutdown UdpSocket.
[2016.02.17-09.17.11:186][458]LogTemp: Shutdown UdpSocket.
[2016.02.17-09.17.11:186][458]LogTemp: Shutdown Protocols.
[2016.02.17-09.17.11:252][458]LogExit: Preparing to exit.
[2016.02.17-09.17.11:294][458]LogExit: Game engine shut down
[2016.02.17-09.17.11:333][458]LogObj: Freed 32b from 1 cluster array pools.
[2016.02.17-09.17.11:333][458]LogExit: Object subsystem successfully closed.
[2016.02.17-09.17.11:338][458]LogD3D11RHI: Shutdown
[2016.02.17-09.17.11:338][458]LogD3D11RHI: CleanupD3DDevice
[2016.02.17-09.17.11:375][458]LogD3D11RHI: ~FD3D11DynamicRHI
[2016.02.17-09.17.11:375][458]LogModuleManager:Warning: ModuleManager: Module 'DerivedDataCache' not found - its StaticallyLinkedModuleInitializers function is null.
[2016.02.17-09.17.11:375][458]LogModuleManager: Shutting down and abandoning module AutomationController (63)
[2016.02.17-09.17.11:375][458]LogModuleManager: Shutting down and abandoning module AutomationWorker (62)
[2016.02.17-09.17.11:375][458]LogModuleManager: Shutting down and abandoning module CharacterAI (61)
[2016.02.17-09.17.11:375][458]LogModuleManager: Shutting down and abandoning module AIModule (59)
[2016.02.17-09.17.11:375][458]LogModuleManager: Shutting down and abandoning module StreamingPauseRendering (58)
[2016.02.17-09.17.11:376][458]LogModuleManager: Shutting down and abandoning module AnalyticsET (57)
[2016.02.17-09.17.11:376][458]LogModuleManager: Shutting down and abandoning module Analytics (56)
[2016.02.17-09.17.11:376][458]LogModuleManager: Shutting down and abandoning module PortalServices (55)
[2016.02.17-09.17.11:376][458]LogModuleManager: Shutting down and abandoning module PortalRpc (54)
[2016.02.17-09.17.11:376][458]LogModuleManager: Shutting down and abandoning module MessagingRpc (53)
[2016.02.17-09.17.11:376][458]LogModuleManager: Shutting down and abandoning module ProfilerService (52)
[2016.02.17-09.17.11:412][458]LogModuleManager: Shutting down and abandoning module TaskGraph (51)
[2016.02.17-09.17.11:412][458]LogModuleManager: Shutting down and abandoning module ArchVisCharacter (50)
[2016.02.17-09.17.11:412][458]LogModuleManager: Shutting down and abandoning module CableComponent (49)
[2016.02.17-09.17.11:412][458]LogModuleManager: Shutting down and abandoning module CustomMeshComponent (48)
[2016.02.17-09.17.11:412][458]LogModuleManager: Shutting down and abandoning module OculusInput (47)
[2016.02.17-09.17.11:412][458]LogModuleManager: Shutting down and abandoning module OculusLibrary (46)
[2016.02.17-09.17.11:412][458]LogModuleManager: Shutting down and abandoning module ProceduralMeshComponent (45)
[2016.02.17-09.17.11:412][458]LogModuleManager: Shutting down and abandoning module SteamVRController (44)
[2016.02.17-09.17.11:412][458]LogModuleManager: Shutting down and abandoning module SteamVR (43)
[2016.02.17-09.17.11:412][458]LogModuleManager: Shutting down and abandoning module HTML5Networking (42)
[2016.02.17-09.17.11:412][458]LogModuleManager: Shutting down and abandoning module SlateRemote (41)
[2016.02.17-09.17.11:412][458]LogModuleManager: Shutting down and abandoning module UDPCommunication (40)
[2016.02.17-09.17.11:412][458]LogModuleManager: Shutting down and abandoning module Paper2D (39)
[2016.02.17-09.17.11:412][458]LogModuleManager: Shutting down and abandoning module LightPropagationVolumeRuntime (38)
[2016.02.17-09.17.11:412][458]LogModuleManager: Shutting down and abandoning module UdpMessaging (37)
[2016.02.17-09.17.11:412][458]LogModuleManager: Shutting down and abandoning module WindowsMoviePlayer (36)
[2016.02.17-09.17.11:412][458]LogModuleManager: Shutting down and abandoning module Media (35)
[2016.02.17-09.17.11:412][458]LogModuleManager: Shutting down and abandoning module WmfMedia (34)
[2016.02.17-09.17.11:412][458]LogModuleManager: Shutting down and abandoning module ImageWrapper (33)
[2016.02.17-09.17.11:412][458]LogModuleManager: Shutting down and abandoning module GameLiveStreaming (32)
[2016.02.17-09.17.11:412][458]LogModuleManager: Shutting down and abandoning module UMG (31)
[2016.02.17-09.17.11:412][458]LogModuleManager: Shutting down and abandoning module SlateReflector (30)
[2016.02.17-09.17.11:412][458]LogModuleManager: Shutting down and abandoning module Slate (29)
[2016.02.17-09.17.11:412][458]LogModuleManager: Shutting down and abandoning module SessionServices (28)
[2016.02.17-09.17.11:412][458]LogModuleManager: Shutting down and abandoning module Messaging (27)
[2016.02.17-09.17.11:412][458]LogModuleManager: Shutting down and abandoning module HeadMountedDisplay (26)
[2016.02.17-09.17.11:412][458]LogModuleManager: Shutting down and abandoning module XAudio2 (25)
[2016.02.17-09.17.11:412][458]LogModuleManager: Shutting down and abandoning module Networking (23)
[2016.02.17-09.17.11:412][458]LogModuleManager: Shutting down and abandoning module Core (22)
[2016.02.17-09.17.11:412][458]LogModuleManager: Shutting down and abandoning module LeapMotionController (21)
[2016.02.17-09.17.11:438][458]LogModuleManager: Shutting down and abandoning module InputCore (20)
[2016.02.17-09.17.11:438][458]LogModuleManager: Shutting down and abandoning module OnlineSubsystem (18)
[2016.02.17-09.17.11:438][458]LogModuleManager: Shutting down and abandoning module HTTP (17)
[2016.02.17-09.17.13:943][458]LogModuleManager: Shutting down and abandoning module ExampleDeviceProfileSelector (16)
[2016.02.17-09.17.13:943][458]LogModuleManager: Shutting down and abandoning module OculusRift (15)
[2016.02.17-09.17.13:943][458]LogHMD: Oculus shutdown.
[2016.02.17-09.17.13:943][458]LogModuleManager: Shutting down and abandoning module ShaderCore (14)
[2016.02.17-09.17.13:943][458]LogModuleManager: Shutting down and abandoning module Landscape (13)
[2016.02.17-09.17.13:943][458]LogModuleManager: Shutting down and abandoning module SlateRHIRenderer (12)
[2016.02.17-09.17.13:943][458]LogModuleManager: Shutting down and abandoning module OpenGLDrv (11)
[2016.02.17-09.17.13:943][458]LogModuleManager: Shutting down and abandoning module D3D11RHI (10)
[2016.02.17-09.17.13:943][458]LogModuleManager: Shutting down and abandoning module AnimGraphRuntime (9)
[2016.02.17-09.17.13:943][458]LogModuleManager: Shutting down and abandoning module Renderer (8)
[2016.02.17-09.17.13:943][458]LogModuleManager: Shutting down and abandoning module Engine (7)
[2016.02.17-09.17.13:943][458]LogModuleManager: Shutting down and abandoning module CoreUObject (6)
[2016.02.17-09.17.13:943][458]LogModuleManager: Shutting down and abandoning module NetworkFile (5)
[2016.02.17-09.17.13:943][458]LogModuleManager: Shutting down and abandoning module StreamingFile (4)
[2016.02.17-09.17.13:943][458]LogModuleManager: Shutting down and abandoning module SandboxFile (3)
[2016.02.17-09.17.13:943][458]LogModuleManager: Shutting down and abandoning module PakFile (1)
[2016.02.17-09.17.13:943][458]LogExit: Exiting.
[2016.02.17-09.17.13:944][458]Log file closed, 02/17/16 18:17:13
